{"timestamp": "2026-02-25T19:13:47.001755", "level": "WARNING", "message": "Attempt 1 failed, retrying in 0.1s", "context": {}, "function": "test_retry", "attempt": 1, "delay": 0.1, "exception": "Test error"}
{"timestamp": "2026-02-26T10:34:19.882245", "level": "WARNING", "message": "Attempt 1 failed, retrying in 1.0s", "context": {}, "function": "verify_system_ready", "attempt": 1, "delay": 1.0, "exception": "Logger._log() got an unexpected keyword argument 'gpu_device'"}
{"timestamp": "2026-02-26T10:34:20.898801", "level": "WARNING", "message": "Attempt 2 failed, retrying in 2.0s", "context": {}, "function": "verify_system_ready", "attempt": 2, "delay": 2.0, "exception": "Logger._log() got an unexpected keyword argument 'gpu_device'"}
{"timestamp": "2026-02-26T10:34:22.901941", "level": "ERROR", "message": "All retry attempts exhausted for verify_system_ready", "context": {}, "function": "verify_system_ready", "attempts": 3, "exception": "Logger._log() got an unexpected keyword argument 'gpu_device'", "exception_type": "str"}
{"timestamp": "2026-02-26T10:39:44.956169", "level": "INFO", "message": "Application startup initiated", "context": {}}
{"timestamp": "2026-02-26T10:39:44.960092", "level": "INFO", "message": "GPU configuration verified", "context": {}, "gpu_device": "NVIDIA GeForce RTX 2050", "cuda_version": "12.1", "pytorch_version": "2.3.1+cu121"}
{"timestamp": "2026-02-26T10:39:44.960092", "level": "INFO", "message": "Production constants loaded", "context": {}, "audio_sample_rate": 16000, "vision_resolution": [640, 480], "compute_device": "cuda", "monitoring_enabled": true}
{"timestamp": "2026-02-26T10:39:44.961066", "level": "INFO", "message": "Starting voice assistant", "context": {}}
{"timestamp": "2026-02-26T10:42:04.071207", "level": "WARNING", "message": "WARNING resource usage", "context": {}, "cpu": 5.5, "memory": 80.5}
{"timestamp": "2026-02-26T10:42:09.195398", "level": "WARNING", "message": "WARNING resource usage", "context": {}, "cpu": 3.8, "memory": 80.4}
{"timestamp": "2026-02-26T10:42:14.306378", "level": "WARNING", "message": "WARNING resource usage", "context": {}, "cpu": 7.5, "memory": 80.2}
{"timestamp": "2026-02-26T10:42:19.422339", "level": "WARNING", "message": "WARNING resource usage", "context": {}, "cpu": 4.7, "memory": 80.3}
{"timestamp": "2026-02-26T10:42:24.534807", "level": "WARNING", "message": "WARNING resource usage", "context": {}, "cpu": 23.1, "memory": 81.3}
{"timestamp": "2026-02-26T10:42:29.651290", "level": "WARNING", "message": "WARNING resource usage", "context": {}, "cpu": 20.2, "memory": 82.5}
{"timestamp": "2026-02-26T10:42:34.768504", "level": "WARNING", "message": "WARNING resource usage", "context": {}, "cpu": 17.1, "memory": 81.7}
{"timestamp": "2026-02-26T10:42:39.884980", "level": "WARNING", "message": "WARNING resource usage", "context": {}, "cpu": 30.9, "memory": 83.0}
{"timestamp": "2026-02-26T10:42:45.003128", "level": "WARNING", "message": "WARNING resource usage", "context": {}, "cpu": 8.5, "memory": 83.1}
{"timestamp": "2026-02-26T10:42:50.115861", "level": "WARNING", "message": "WARNING resource usage", "context": {}, "cpu": 71.6, "memory": 82.7}
{"timestamp": "2026-02-26T10:42:55.228132", "level": "WARNING", "message": "WARNING resource usage", "context": {}, "cpu": 23.9, "memory": 82.4}
{"timestamp": "2026-02-26T10:43:00.341956", "level": "WARNING", "message": "WARNING resource usage", "context": {}, "cpu": 25.0, "memory": 81.7}
{"timestamp": "2026-02-26T10:43:05.464785", "level": "WARNING", "message": "WARNING resource usage", "context": {}, "cpu": 23.5, "memory": 82.7}
{"timestamp": "2026-02-26T10:43:10.588436", "level": "WARNING", "message": "WARNING resource usage", "context": {}, "cpu": 5.9, "memory": 82.7}
{"timestamp": "2026-02-26T10:43:15.710087", "level": "WARNING", "message": "WARNING resource usage", "context": {}, "cpu": 9.3, "memory": 81.3}
{"timestamp": "2026-02-26T10:43:20.829842", "level": "WARNING", "message": "WARNING resource usage", "context": {}, "cpu": 28.8, "memory": 81.9}
{"timestamp": "2026-02-26T10:43:25.952268", "level": "WARNING", "message": "WARNING resource usage", "context": {}, "cpu": 6.2, "memory": 81.8}
{"timestamp": "2026-02-26T10:43:31.077216", "level": "WARNING", "message": "WARNING resource usage", "context": {}, "cpu": 4.9, "memory": 81.7}
{"timestamp": "2026-02-26T10:43:36.191998", "level": "WARNING", "message": "WARNING resource usage", "context": {}, "cpu": 16.8, "memory": 81.7}
{"timestamp": "2026-02-26T10:43:41.304498", "level": "WARNING", "message": "WARNING resource usage", "context": {}, "cpu": 25.0, "memory": 81.7}
{"timestamp": "2026-02-26T10:43:46.419873", "level": "WARNING", "message": "WARNING resource usage", "context": {}, "cpu": 10.3, "memory": 82.4}
{"timestamp": "2026-02-26T10:43:51.544935", "level": "WARNING", "message": "WARNING resource usage", "context": {}, "cpu": 5.7, "memory": 81.3}
{"timestamp": "2026-02-26T10:43:56.664420", "level": "WARNING", "message": "WARNING resource usage", "context": {}, "cpu": 21.1, "memory": 81.3}
{"timestamp": "2026-02-26T10:44:01.787381", "level": "WARNING", "message": "WARNING resource usage", "context": {}, "cpu": 19.7, "memory": 81.6}
{"timestamp": "2026-02-26T10:44:06.901317", "level": "WARNING", "message": "WARNING resource usage", "context": {}, "cpu": 7.1, "memory": 84.5}
{"timestamp": "2026-02-26T10:44:12.020570", "level": "WARNING", "message": "WARNING resource usage", "context": {}, "cpu": 4.8, "memory": 84.4}
{"timestamp": "2026-02-26T10:44:17.142145", "level": "WARNING", "message": "WARNING resource usage", "context": {}, "cpu": 3.6, "memory": 84.5}
{"timestamp": "2026-02-26T10:44:22.264236", "level": "WARNING", "message": "WARNING resource usage", "context": {}, "cpu": 3.4, "memory": 83.8}
{"timestamp": "2026-02-26T10:44:27.388501", "level": "WARNING", "message": "WARNING resource usage", "context": {}, "cpu": 3.7, "memory": 83.5}
{"timestamp": "2026-02-26T10:44:32.514260", "level": "WARNING", "message": "WARNING resource usage", "context": {}, "cpu": 7.1, "memory": 83.2}
{"timestamp": "2026-02-26T10:44:37.630110", "level": "WARNING", "message": "WARNING resource usage", "context": {}, "cpu": 8.3, "memory": 84.0}
{"timestamp": "2026-02-26T10:44:42.745598", "level": "WARNING", "message": "WARNING resource usage", "context": {}, "cpu": 16.4, "memory": 85.1}
{"timestamp": "2026-02-26T10:44:47.860596", "level": "WARNING", "message": "WARNING resource usage", "context": {}, "cpu": 9.4, "memory": 84.2}
{"timestamp": "2026-02-26T10:44:52.979306", "level": "WARNING", "message": "WARNING resource usage", "context": {}, "cpu": 9.6, "memory": 84.1}
{"timestamp": "2026-02-26T10:44:58.099458", "level": "WARNING", "message": "WARNING resource usage", "context": {}, "cpu": 6.1, "memory": 84.8}
{"timestamp": "2026-02-26T10:45:03.220948", "level": "WARNING", "message": "WARNING resource usage", "context": {}, "cpu": 8.2, "memory": 84.3}
{"timestamp": "2026-02-26T10:45:08.341151", "level": "WARNING", "message": "WARNING resource usage", "context": {}, "cpu": 8.8, "memory": 85.0}
{"timestamp": "2026-02-26T10:45:13.452097", "level": "WARNING", "message": "WARNING resource usage", "context": {}, "cpu": 31.8, "memory": 85.3}
{"timestamp": "2026-02-26T10:45:18.568657", "level": "WARNING", "message": "WARNING resource usage", "context": {}, "cpu": 18.5, "memory": 85.2}
{"timestamp": "2026-02-26T10:45:23.683819", "level": "WARNING", "message": "WARNING resource usage", "context": {}, "cpu": 9.2, "memory": 86.1}
{"timestamp": "2026-02-26T10:45:28.798218", "level": "WARNING", "message": "WARNING resource usage", "context": {}, "cpu": 8.4, "memory": 84.6}
{"timestamp": "2026-02-26T10:45:33.923549", "level": "WARNING", "message": "WARNING resource usage", "context": {}, "cpu": 4.8, "memory": 84.0}
{"timestamp": "2026-02-26T10:45:39.046689", "level": "WARNING", "message": "WARNING resource usage", "context": {}, "cpu": 15.3, "memory": 84.0}
{"timestamp": "2026-02-26T10:45:44.173223", "level": "WARNING", "message": "WARNING resource usage", "context": {}, "cpu": 17.4, "memory": 84.1}
{"timestamp": "2026-02-26T10:45:49.293693", "level": "WARNING", "message": "WARNING resource usage", "context": {}, "cpu": 7.8, "memory": 83.8}
{"timestamp": "2026-02-26T10:45:54.421114", "level": "WARNING", "message": "WARNING resource usage", "context": {}, "cpu": 0.8, "memory": 83.6}
{"timestamp": "2026-02-26T10:45:59.535745", "level": "WARNING", "message": "WARNING resource usage", "context": {}, "cpu": 15.8, "memory": 83.7}
{"timestamp": "2026-02-26T10:46:04.647566", "level": "WARNING", "message": "WARNING resource usage", "context": {}, "cpu": 17.9, "memory": 85.3}
{"timestamp": "2026-02-26T10:46:09.760243", "level": "WARNING", "message": "WARNING resource usage", "context": {}, "cpu": 17.8, "memory": 85.0}
{"timestamp": "2026-02-26T10:46:14.865323", "level": "WARNING", "message": "WARNING resource usage", "context": {}, "cpu": 9.0, "memory": 84.6}
{"timestamp": "2026-02-26T10:46:19.967917", "level": "WARNING", "message": "WARNING resource usage", "context": {}, "cpu": 17.5, "memory": 84.5}
{"timestamp": "2026-02-26T10:46:25.071609", "level": "WARNING", "message": "WARNING resource usage", "context": {}, "cpu": 11.5, "memory": 84.3}
{"timestamp": "2026-02-26T10:46:30.176693", "level": "WARNING", "message": "WARNING resource usage", "context": {}, "cpu": 13.6, "memory": 83.8}
{"timestamp": "2026-02-26T10:46:35.279793", "level": "WARNING", "message": "WARNING resource usage", "context": {}, "cpu": 3.8, "memory": 83.8}
{"timestamp": "2026-02-26T10:46:40.383406", "level": "WARNING", "message": "WARNING resource usage", "context": {}, "cpu": 12.3, "memory": 83.8}
{"timestamp": "2026-02-26T10:46:45.487786", "level": "WARNING", "message": "WARNING resource usage", "context": {}, "cpu": 8.0, "memory": 83.7}
{"timestamp": "2026-02-26T10:46:50.589635", "level": "WARNING", "message": "WARNING resource usage", "context": {}, "cpu": 8.0, "memory": 83.8}
{"timestamp": "2026-02-26T10:46:55.692747", "level": "WARNING", "message": "WARNING resource usage", "context": {}, "cpu": 10.6, "memory": 83.8}
{"timestamp": "2026-02-26T10:47:00.796519", "level": "WARNING", "message": "WARNING resource usage", "context": {}, "cpu": 16.7, "memory": 83.8}
{"timestamp": "2026-02-26T10:47:05.900280", "level": "WARNING", "message": "WARNING resource usage", "context": {}, "cpu": 4.3, "memory": 83.8}
{"timestamp": "2026-02-26T10:47:11.003211", "level": "WARNING", "message": "WARNING resource usage", "context": {}, "cpu": 11.9, "memory": 84.6}
{"timestamp": "2026-02-26T10:47:16.106738", "level": "WARNING", "message": "WARNING resource usage", "context": {}, "cpu": 19.6, "memory": 83.8}
{"timestamp": "2026-02-26T10:47:21.209696", "level": "WARNING", "message": "WARNING resource usage", "context": {}, "cpu": 14.8, "memory": 85.0}
{"timestamp": "2026-02-26T10:47:26.314260", "level": "WARNING", "message": "WARNING resource usage", "context": {}, "cpu": 14.3, "memory": 84.5}
{"timestamp": "2026-02-26T10:47:31.419326", "level": "WARNING", "message": "WARNING resource usage", "context": {}, "cpu": 23.0, "memory": 84.6}
{"timestamp": "2026-02-26T10:47:36.522399", "level": "WARNING", "message": "WARNING resource usage", "context": {}, "cpu": 7.6, "memory": 85.0}
{"timestamp": "2026-02-26T10:47:41.627575", "level": "WARNING", "message": "WARNING resource usage", "context": {}, "cpu": 27.3, "memory": 85.3}
{"timestamp": "2026-02-26T10:47:46.730980", "level": "WARNING", "message": "WARNING resource usage", "context": {}, "cpu": 41.7, "memory": 85.3}
{"timestamp": "2026-02-26T10:47:51.833022", "level": "WARNING", "message": "WARNING resource usage", "context": {}, "cpu": 19.8, "memory": 84.0}
{"timestamp": "2026-02-26T10:47:56.937934", "level": "WARNING", "message": "WARNING resource usage", "context": {}, "cpu": 13.6, "memory": 84.1}
{"timestamp": "2026-02-26T10:48:02.041463", "level": "WARNING", "message": "WARNING resource usage", "context": {}, "cpu": 19.3, "memory": 84.2}
{"timestamp": "2026-02-26T10:48:07.145264", "level": "WARNING", "message": "WARNING resource usage", "context": {}, "cpu": 7.9, "memory": 85.0}
{"timestamp": "2026-02-26T10:48:12.247597", "level": "WARNING", "message": "WARNING resource usage", "context": {}, "cpu": 20.0, "memory": 84.2}
{"timestamp": "2026-02-26T10:48:17.351317", "level": "WARNING", "message": "WARNING resource usage", "context": {}, "cpu": 16.5, "memory": 84.4}
{"timestamp": "2026-02-26T10:48:22.453251", "level": "WARNING", "message": "WARNING resource usage", "context": {}, "cpu": 11.7, "memory": 84.0}
{"timestamp": "2026-02-26T10:48:27.557073", "level": "WARNING", "message": "WARNING resource usage", "context": {}, "cpu": 11.9, "memory": 84.6}
{"timestamp": "2026-02-26T10:48:32.660782", "level": "WARNING", "message": "WARNING resource usage", "context": {}, "cpu": 13.1, "memory": 83.9}
{"timestamp": "2026-02-26T10:48:37.763477", "level": "WARNING", "message": "WARNING resource usage", "context": {}, "cpu": 12.5, "memory": 84.3}
{"timestamp": "2026-02-26T10:48:42.866190", "level": "WARNING", "message": "WARNING resource usage", "context": {}, "cpu": 10.1, "memory": 84.3}
{"timestamp": "2026-02-26T10:48:47.970473", "level": "WARNING", "message": "WARNING resource usage", "context": {}, "cpu": 10.1, "memory": 83.6}
{"timestamp": "2026-02-26T10:48:53.072275", "level": "WARNING", "message": "WARNING resource usage", "context": {}, "cpu": 11.6, "memory": 83.6}
{"timestamp": "2026-02-26T10:48:58.176851", "level": "WARNING", "message": "WARNING resource usage", "context": {}, "cpu": 8.7, "memory": 84.4}
{"timestamp": "2026-02-26T10:49:03.279249", "level": "WARNING", "message": "WARNING resource usage", "context": {}, "cpu": 17.2, "memory": 84.0}
{"timestamp": "2026-02-26T10:49:08.381106", "level": "WARNING", "message": "WARNING resource usage", "context": {}, "cpu": 19.2, "memory": 84.7}
{"timestamp": "2026-02-26T10:49:13.483724", "level": "WARNING", "message": "WARNING resource usage", "context": {}, "cpu": 9.5, "memory": 84.0}
{"timestamp": "2026-02-26T10:49:18.586571", "level": "WARNING", "message": "WARNING resource usage", "context": {}, "cpu": 20.7, "memory": 85.1}
{"timestamp": "2026-02-26T10:49:23.689234", "level": "WARNING", "message": "WARNING resource usage", "context": {}, "cpu": 25.3, "memory": 85.3}
{"timestamp": "2026-02-26T10:49:28.791867", "level": "WARNING", "message": "WARNING resource usage", "context": {}, "cpu": 23.0, "memory": 85.0}
{"timestamp": "2026-02-26T10:49:33.896575", "level": "WARNING", "message": "WARNING resource usage", "context": {}, "cpu": 22.7, "memory": 85.1}
{"timestamp": "2026-02-26T10:49:39.001772", "level": "WARNING", "message": "WARNING resource usage", "context": {}, "cpu": 73.1, "memory": 85.4}
{"timestamp": "2026-02-26T10:49:44.106506", "level": "WARNING", "message": "WARNING resource usage", "context": {}, "cpu": 48.3, "memory": 85.9}
{"timestamp": "2026-02-26T10:49:49.273713", "level": "WARNING", "message": "WARNING resource usage", "context": {}, "cpu": 21.2, "memory": 85.9}
{"timestamp": "2026-02-26T10:49:54.376541", "level": "WARNING", "message": "WARNING resource usage", "context": {}, "cpu": 27.6, "memory": 86.7}
{"timestamp": "2026-02-26T10:49:59.481517", "level": "WARNING", "message": "WARNING resource usage", "context": {}, "cpu": 9.2, "memory": 85.9}
{"timestamp": "2026-02-26T10:50:04.584282", "level": "WARNING", "message": "WARNING resource usage", "context": {}, "cpu": 10.4, "memory": 85.5}
{"timestamp": "2026-02-26T10:50:09.688267", "level": "WARNING", "message": "WARNING resource usage", "context": {}, "cpu": 30.6, "memory": 85.4}
{"timestamp": "2026-02-26T10:50:14.791186", "level": "WARNING", "message": "WARNING resource usage", "context": {}, "cpu": 26.6, "memory": 85.2}
{"timestamp": "2026-02-26T10:50:19.892785", "level": "WARNING", "message": "WARNING resource usage", "context": {}, "cpu": 5.9, "memory": 85.0}
{"timestamp": "2026-02-26T10:50:24.996140", "level": "WARNING", "message": "WARNING resource usage", "context": {}, "cpu": 15.8, "memory": 85.0}
{"timestamp": "2026-02-26T10:50:30.101280", "level": "WARNING", "message": "WARNING resource usage", "context": {}, "cpu": 39.8, "memory": 86.1}
{"timestamp": "2026-02-26T10:50:35.202945", "level": "WARNING", "message": "WARNING resource usage", "context": {}, "cpu": 8.5, "memory": 84.9}
{"timestamp": "2026-02-26T10:50:40.306939", "level": "WARNING", "message": "WARNING resource usage", "context": {}, "cpu": 16.7, "memory": 85.1}
{"timestamp": "2026-02-26T10:50:45.408937", "level": "WARNING", "message": "WARNING resource usage", "context": {}, "cpu": 7.6, "memory": 85.1}
{"timestamp": "2026-02-26T10:50:50.512481", "level": "WARNING", "message": "WARNING resource usage", "context": {}, "cpu": 11.1, "memory": 85.0}
{"timestamp": "2026-02-26T10:50:55.615122", "level": "WARNING", "message": "WARNING resource usage", "context": {}, "cpu": 10.9, "memory": 85.2}
{"timestamp": "2026-02-26T10:51:00.718986", "level": "WARNING", "message": "WARNING resource usage", "context": {}, "cpu": 21.4, "memory": 85.2}
{"timestamp": "2026-02-26T10:51:05.822833", "level": "WARNING", "message": "WARNING resource usage", "context": {}, "cpu": 28.6, "memory": 85.2}
{"timestamp": "2026-02-26T10:51:10.926528", "level": "WARNING", "message": "WARNING resource usage", "context": {}, "cpu": 28.6, "memory": 85.4}
{"timestamp": "2026-02-26T10:51:16.031478", "level": "WARNING", "message": "WARNING resource usage", "context": {}, "cpu": 6.3, "memory": 85.2}
{"timestamp": "2026-02-26T10:51:21.133724", "level": "WARNING", "message": "WARNING resource usage", "context": {}, "cpu": 6.5, "memory": 85.1}
{"timestamp": "2026-02-26T10:51:26.236455", "level": "WARNING", "message": "WARNING resource usage", "context": {}, "cpu": 36.8, "memory": 83.9}
{"timestamp": "2026-02-26T11:07:33.516515", "level": "WARNING", "message": "WARNING resource usage", "context": {}, "cpu": 20.2, "memory": 82.5}
{"timestamp": "2026-02-26T11:07:38.634252", "level": "WARNING", "message": "WARNING resource usage", "context": {}, "cpu": 8.9, "memory": 81.9}
{"timestamp": "2026-02-26T11:07:43.756624", "level": "WARNING", "message": "WARNING resource usage", "context": {}, "cpu": 9.6, "memory": 81.6}
{"timestamp": "2026-02-26T11:07:48.877197", "level": "WARNING", "message": "WARNING resource usage", "context": {}, "cpu": 8.2, "memory": 81.3}
{"timestamp": "2026-02-26T11:07:53.989253", "level": "WARNING", "message": "WARNING resource usage", "context": {}, "cpu": 18.6, "memory": 81.9}
{"timestamp": "2026-02-26T11:07:59.106055", "level": "WARNING", "message": "WARNING resource usage", "context": {}, "cpu": 3.9, "memory": 83.3}
{"timestamp": "2026-02-26T11:08:04.220219", "level": "WARNING", "message": "WARNING resource usage", "context": {}, "cpu": 13.9, "memory": 83.6}
{"timestamp": "2026-02-26T11:08:09.345627", "level": "WARNING", "message": "WARNING resource usage", "context": {}, "cpu": 18.8, "memory": 84.3}
{"timestamp": "2026-02-26T11:08:14.468691", "level": "WARNING", "message": "WARNING resource usage", "context": {}, "cpu": 28.7, "memory": 83.5}
{"timestamp": "2026-02-26T11:08:19.588498", "level": "WARNING", "message": "WARNING resource usage", "context": {}, "cpu": 2.7, "memory": 83.4}
{"timestamp": "2026-02-26T11:08:24.712347", "level": "WARNING", "message": "WARNING resource usage", "context": {}, "cpu": 1.0, "memory": 83.5}
{"timestamp": "2026-02-26T11:08:29.835271", "level": "WARNING", "message": "WARNING resource usage", "context": {}, "cpu": 7.9, "memory": 83.7}
{"timestamp": "2026-02-26T11:08:34.949335", "level": "WARNING", "message": "WARNING resource usage", "context": {}, "cpu": 11.3, "memory": 83.9}
{"timestamp": "2026-02-26T11:08:40.067822", "level": "WARNING", "message": "WARNING resource usage", "context": {}, "cpu": 12.5, "memory": 83.8}
{"timestamp": "2026-02-26T11:08:45.191308", "level": "WARNING", "message": "WARNING resource usage", "context": {}, "cpu": 3.6, "memory": 83.6}
{"timestamp": "2026-02-26T11:08:50.314700", "level": "WARNING", "message": "WARNING resource usage", "context": {}, "cpu": 7.1, "memory": 84.1}
{"timestamp": "2026-02-26T11:08:55.426504", "level": "WARNING", "message": "WARNING resource usage", "context": {}, "cpu": 5.2, "memory": 84.1}
{"timestamp": "2026-02-26T11:09:00.552193", "level": "WARNING", "message": "WARNING resource usage", "context": {}, "cpu": 4.5, "memory": 83.5}
{"timestamp": "2026-02-26T11:09:05.668146", "level": "WARNING", "message": "WARNING resource usage", "context": {}, "cpu": 7.2, "memory": 83.5}
{"timestamp": "2026-02-26T12:09:12.920343", "level": "WARNING", "message": "WARNING resource usage", "context": {}, "cpu": 10.6, "memory": 80.2}
{"timestamp": "2026-02-26T12:09:18.034685", "level": "WARNING", "message": "WARNING resource usage", "context": {}, "cpu": 9.4, "memory": 82.4}
{"timestamp": "2026-02-26T12:09:23.158212", "level": "WARNING", "message": "WARNING resource usage", "context": {}, "cpu": 4.5, "memory": 83.8}
{"timestamp": "2026-02-26T12:09:28.281744", "level": "WARNING", "message": "WARNING resource usage", "context": {}, "cpu": 11.5, "memory": 83.4}
{"timestamp": "2026-02-26T12:09:33.404560", "level": "WARNING", "message": "WARNING resource usage", "context": {}, "cpu": 14.3, "memory": 83.3}
{"timestamp": "2026-02-26T12:09:38.527054", "level": "WARNING", "message": "WARNING resource usage", "context": {}, "cpu": 12.5, "memory": 82.5}
{"timestamp": "2026-02-26T12:09:43.640059", "level": "WARNING", "message": "WARNING resource usage", "context": {}, "cpu": 6.8, "memory": 82.8}
{"timestamp": "2026-02-26T12:09:48.757122", "level": "WARNING", "message": "WARNING resource usage", "context": {}, "cpu": 25.4, "memory": 84.0}
{"timestamp": "2026-02-26T12:09:53.871065", "level": "WARNING", "message": "WARNING resource usage", "context": {}, "cpu": 4.6, "memory": 83.6}
{"timestamp": "2026-02-26T12:09:58.986621", "level": "WARNING", "message": "WARNING resource usage", "context": {}, "cpu": 13.9, "memory": 83.8}
{"timestamp": "2026-02-26T12:10:04.110914", "level": "WARNING", "message": "WARNING resource usage", "context": {}, "cpu": 0.7, "memory": 84.3}
{"timestamp": "2026-02-26T12:12:02.843486", "level": "WARNING", "message": "WARNING resource usage", "context": {}, "cpu": 10.9, "memory": 80.1}
{"timestamp": "2026-02-26T12:12:07.959027", "level": "WARNING", "message": "WARNING resource usage", "context": {}, "cpu": 1.8, "memory": 81.6}
{"timestamp": "2026-02-26T12:12:13.077336", "level": "WARNING", "message": "WARNING resource usage", "context": {}, "cpu": 8.3, "memory": 82.8}
{"timestamp": "2026-02-26T12:12:18.193512", "level": "WARNING", "message": "WARNING resource usage", "context": {}, "cpu": 9.2, "memory": 83.4}
{"timestamp": "2026-02-26T12:12:23.314919", "level": "WARNING", "message": "WARNING resource usage", "context": {}, "cpu": 3.4, "memory": 83.0}
{"timestamp": "2026-02-26T12:12:28.435958", "level": "WARNING", "message": "WARNING resource usage", "context": {}, "cpu": 4.9, "memory": 83.5}
{"timestamp": "2026-02-26T12:12:33.560103", "level": "WARNING", "message": "WARNING resource usage", "context": {}, "cpu": 7.6, "memory": 82.4}
{"timestamp": "2026-02-26T12:13:38.422114", "level": "WARNING", "message": "WARNING resource usage", "context": {}, "cpu": 4.3, "memory": 83.4}
{"timestamp": "2026-02-26T12:13:43.538876", "level": "WARNING", "message": "WARNING resource usage", "context": {}, "cpu": 19.0, "memory": 83.5}
{"timestamp": "2026-02-26T12:13:48.650682", "level": "WARNING", "message": "WARNING resource usage", "context": {}, "cpu": 9.6, "memory": 83.3}
{"timestamp": "2026-02-26T12:16:47.068686", "level": "WARNING", "message": "WARNING resource usage", "context": {}, "cpu": 32.6, "memory": 80.3}
{"timestamp": "2026-02-26T12:16:52.192976", "level": "WARNING", "message": "WARNING resource usage", "context": {}, "cpu": 34.9, "memory": 81.9}
{"timestamp": "2026-02-26T12:16:52.287934", "level": "WARNING", "message": "WARNING resource usage", "context": {}, "cpu": 31.4, "memory": 82.0}
{"timestamp": "2026-02-26T12:16:57.306854", "level": "WARNING", "message": "WARNING resource usage", "context": {}, "cpu": 9.8, "memory": 82.8}
{"timestamp": "2026-02-26T12:16:57.400609", "level": "WARNING", "message": "WARNING resource usage", "context": {}, "cpu": 15.1, "memory": 82.9}
{"timestamp": "2026-02-26T12:17:02.420733", "level": "WARNING", "message": "WARNING resource usage", "context": {}, "cpu": 25.3, "memory": 83.8}
{"timestamp": "2026-02-26T12:17:02.514147", "level": "WARNING", "message": "WARNING resource usage", "context": {}, "cpu": 18.5, "memory": 83.8}
{"timestamp": "2026-02-26T12:17:07.546538", "level": "WARNING", "message": "WARNING resource usage", "context": {}, "cpu": 11.9, "memory": 83.9}
{"timestamp": "2026-02-26T12:17:07.639724", "level": "WARNING", "message": "WARNING resource usage", "context": {}, "cpu": 6.2, "memory": 83.9}
{"timestamp": "2026-02-26T12:17:12.672629", "level": "WARNING", "message": "WARNING resource usage", "context": {}, "cpu": 6.0, "memory": 83.8}
{"timestamp": "2026-02-26T12:17:17.787539", "level": "WARNING", "message": "WARNING resource usage", "context": {}, "cpu": 4.9, "memory": 83.8}
{"timestamp": "2026-02-26T12:20:34.925935", "level": "WARNING", "message": "WARNING resource usage", "context": {}, "cpu": 17.0, "memory": 81.4}
{"timestamp": "2026-02-26T12:20:40.040435", "level": "WARNING", "message": "WARNING resource usage", "context": {}, "cpu": 19.2, "memory": 81.2}
{"timestamp": "2026-02-26T12:20:45.156339", "level": "WARNING", "message": "WARNING resource usage", "context": {}, "cpu": 25.2, "memory": 81.7}
{"timestamp": "2026-02-26T12:20:50.279200", "level": "WARNING", "message": "WARNING resource usage", "context": {}, "cpu": 4.3, "memory": 82.2}
{"timestamp": "2026-02-26T12:20:55.394013", "level": "WARNING", "message": "WARNING resource usage", "context": {}, "cpu": 20.7, "memory": 82.2}
{"timestamp": "2026-02-26T12:21:00.511675", "level": "WARNING", "message": "WARNING resource usage", "context": {}, "cpu": 18.9, "memory": 82.2}
{"timestamp": "2026-02-26T12:21:05.630184", "level": "WARNING", "message": "WARNING resource usage", "context": {}, "cpu": 9.2, "memory": 85.2}
{"timestamp": "2026-02-26T12:21:10.747524", "level": "WARNING", "message": "WARNING resource usage", "context": {}, "cpu": 16.5, "memory": 85.2}
{"timestamp": "2026-02-26T12:21:15.867979", "level": "WARNING", "message": "WARNING resource usage", "context": {}, "cpu": 8.4, "memory": 85.2}
{"timestamp": "2026-02-26T12:21:20.992853", "level": "WARNING", "message": "WARNING resource usage", "context": {}, "cpu": 5.5, "memory": 84.5}
{"timestamp": "2026-02-26T12:21:26.124760", "level": "WARNING", "message": "WARNING resource usage", "context": {}, "cpu": 13.6, "memory": 85.0}
{"timestamp": "2026-02-26T12:21:31.254165", "level": "WARNING", "message": "WARNING resource usage", "context": {}, "cpu": 5.1, "memory": 84.3}
{"timestamp": "2026-02-26T12:21:36.375393", "level": "WARNING", "message": "WARNING resource usage", "context": {}, "cpu": 9.2, "memory": 84.3}
{"timestamp": "2026-02-26T12:21:41.499614", "level": "WARNING", "message": "WARNING resource usage", "context": {}, "cpu": 58.1, "memory": 83.8}
{"timestamp": "2026-02-26T12:21:46.616559", "level": "WARNING", "message": "WARNING resource usage", "context": {}, "cpu": 27.0, "memory": 85.2}
{"timestamp": "2026-02-26T12:21:51.738995", "level": "WARNING", "message": "WARNING resource usage", "context": {}, "cpu": 4.8, "memory": 85.0}
{"timestamp": "2026-02-26T12:21:56.859731", "level": "WARNING", "message": "WARNING resource usage", "context": {}, "cpu": 5.8, "memory": 84.9}
{"timestamp": "2026-02-26T12:22:01.983993", "level": "WARNING", "message": "WARNING resource usage", "context": {}, "cpu": 12.7, "memory": 85.4}
{"timestamp": "2026-02-26T12:22:07.095556", "level": "WARNING", "message": "WARNING resource usage", "context": {}, "cpu": 8.3, "memory": 85.5}
{"timestamp": "2026-02-26T12:22:12.211212", "level": "WARNING", "message": "WARNING resource usage", "context": {}, "cpu": 10.9, "memory": 84.8}
{"timestamp": "2026-02-26T12:22:32.672903", "level": "WARNING", "message": "WARNING resource usage", "context": {}, "cpu": 33.6, "memory": 80.1}
{"timestamp": "2026-02-26T12:22:37.785774", "level": "WARNING", "message": "WARNING resource usage", "context": {}, "cpu": 16.3, "memory": 80.8}
{"timestamp": "2026-02-26T12:22:42.902093", "level": "WARNING", "message": "WARNING resource usage", "context": {}, "cpu": 2.0, "memory": 80.9}
{"timestamp": "2026-02-26T12:22:48.015531", "level": "WARNING", "message": "WARNING resource usage", "context": {}, "cpu": 9.5, "memory": 80.7}
{"timestamp": "2026-02-26T12:22:53.141045", "level": "WARNING", "message": "WARNING resource usage", "context": {}, "cpu": 6.5, "memory": 80.8}
{"timestamp": "2026-02-26T12:22:58.258507", "level": "WARNING", "message": "WARNING resource usage", "context": {}, "cpu": 6.8, "memory": 80.3}
{"timestamp": "2026-02-26T12:23:03.376051", "level": "WARNING", "message": "WARNING resource usage", "context": {}, "cpu": 20.5, "memory": 80.3}
