{"timestamp": "2026-02-26T10:34:19.874245", "level": "INFO", "logger": "multimodal-ai.main", "message": "Application startup initiated", "environment": "production"}
{"timestamp": "2026-02-26T10:41:53.717110", "level": "INFO", "logger": "multimodal-ai.main", "message": "Application startup initiated", "environment": "production"}
{"timestamp": "2026-02-26T10:41:53.723110", "level": "INFO", "logger": "multimodal-ai.main", "message": "GPU configuration verified", "environment": "production"}
{"timestamp": "2026-02-26T10:41:53.725109", "level": "INFO", "logger": "multimodal-ai.main", "message": "Production constants loaded", "environment": "production"}
{"timestamp": "2026-02-26T10:41:53.728383", "level": "INFO", "logger": "multimodal-ai.main", "message": "Starting voice assistant", "environment": "production"}
{"timestamp": "2026-02-26T11:07:28.289216", "level": "INFO", "logger": "multimodal-ai.main", "message": "Application startup initiated", "environment": "production"}
{"timestamp": "2026-02-26T11:07:28.295211", "level": "INFO", "logger": "multimodal-ai.main", "message": "GPU configuration verified", "environment": "production"}
{"timestamp": "2026-02-26T11:07:28.296213", "level": "INFO", "logger": "multimodal-ai.main", "message": "Production constants loaded", "environment": "production"}
{"timestamp": "2026-02-26T11:07:28.296213", "level": "INFO", "logger": "multimodal-ai.main", "message": "Starting voice assistant", "environment": "production"}
{"timestamp": "2026-02-26T12:06:49.501335", "level": "INFO", "logger": "multimodal-ai.main", "message": "Application startup initiated", "environment": "production"}
{"timestamp": "2026-02-26T12:06:49.504333", "level": "INFO", "logger": "multimodal-ai.main", "message": "GPU configuration verified", "environment": "production"}
{"timestamp": "2026-02-26T12:06:49.504333", "level": "INFO", "logger": "multimodal-ai.main", "message": "Production constants loaded", "environment": "production"}
{"timestamp": "2026-02-26T12:06:49.505334", "level": "INFO", "logger": "multimodal-ai.main", "message": "Starting voice assistant", "environment": "production"}
{"timestamp": "2026-02-26T12:12:02.735634", "level": "INFO", "logger": "multimodal-ai.main", "message": "Application startup initiated", "environment": "production"}
{"timestamp": "2026-02-26T12:12:02.740187", "level": "INFO", "logger": "multimodal-ai.main", "message": "GPU configuration verified", "environment": "production"}
{"timestamp": "2026-02-26T12:12:02.740187", "level": "INFO", "logger": "multimodal-ai.main", "message": "Production constants loaded", "environment": "production"}
{"timestamp": "2026-02-26T12:12:02.741189", "level": "INFO", "logger": "multimodal-ai.main", "message": "Starting voice assistant", "environment": "production"}
{"timestamp": "2026-02-26T12:13:33.197580", "level": "INFO", "logger": "multimodal-ai.main", "message": "Application startup initiated", "environment": "production"}
{"timestamp": "2026-02-26T12:13:33.200555", "level": "INFO", "logger": "multimodal-ai.main", "message": "GPU configuration verified", "environment": "production"}
{"timestamp": "2026-02-26T12:13:33.200555", "level": "INFO", "logger": "multimodal-ai.main", "message": "Production constants loaded", "environment": "production"}
{"timestamp": "2026-02-26T12:13:33.201556", "level": "INFO", "logger": "multimodal-ai.main", "message": "Starting voice assistant", "environment": "production"}
{"timestamp": "2026-02-26T12:16:26.479749", "level": "INFO", "logger": "multimodal-ai.main", "message": "Application startup initiated", "environment": "production"}
{"timestamp": "2026-02-26T12:16:26.482772", "level": "INFO", "logger": "multimodal-ai.main", "message": "GPU configuration verified", "environment": "production"}
{"timestamp": "2026-02-26T12:16:26.482772", "level": "INFO", "logger": "multimodal-ai.main", "message": "Production constants loaded", "environment": "production"}
{"timestamp": "2026-02-26T12:16:26.483747", "level": "INFO", "logger": "multimodal-ai.main", "message": "Starting voice assistant", "environment": "production"}
{"timestamp": "2026-02-26T12:16:52.181479", "level": "INFO", "logger": "multimodal-ai.main", "message": "Application startup initiated", "environment": "production"}
{"timestamp": "2026-02-26T12:16:52.184425", "level": "INFO", "logger": "multimodal-ai.main", "message": "GPU configuration verified", "environment": "production"}
{"timestamp": "2026-02-26T12:16:52.185428", "level": "INFO", "logger": "multimodal-ai.main", "message": "Production constants loaded", "environment": "production"}
{"timestamp": "2026-02-26T12:16:52.185428", "level": "INFO", "logger": "multimodal-ai.main", "message": "Starting voice assistant", "environment": "production"}
{"timestamp": "2026-02-26T12:17:12.655989", "level": "INFO", "logger": "multimodal-ai.main", "message": "Application shutdown complete", "environment": "production"}
{"timestamp": "2026-02-26T12:20:24.585692", "level": "INFO", "logger": "multimodal-ai.main", "message": "Application startup initiated", "environment": "production"}
{"timestamp": "2026-02-26T12:20:24.588699", "level": "INFO", "logger": "multimodal-ai.main", "message": "GPU configuration verified", "environment": "production"}
{"timestamp": "2026-02-26T12:20:24.588699", "level": "INFO", "logger": "multimodal-ai.main", "message": "Production constants loaded", "environment": "production"}
{"timestamp": "2026-02-26T12:20:24.589727", "level": "INFO", "logger": "multimodal-ai.main", "message": "Starting voice assistant", "environment": "production"}
{"timestamp": "2026-02-26T12:25:37.584609", "level": "INFO", "logger": "multimodal-ai.main", "message": "Application startup initiated", "environment": "production"}
{"timestamp": "2026-02-26T12:25:37.588610", "level": "INFO", "logger": "multimodal-ai.main", "message": "GPU configuration verified", "environment": "production"}
{"timestamp": "2026-02-26T12:25:37.588610", "level": "INFO", "logger": "multimodal-ai.main", "message": "Production constants loaded", "environment": "production"}
{"timestamp": "2026-02-26T12:25:37.589610", "level": "INFO", "logger": "multimodal-ai.main", "message": "Starting voice assistant", "environment": "production"}
{"timestamp": "2026-02-26T12:27:42.324946", "level": "INFO", "logger": "multimodal-ai.main", "message": "Application startup initiated", "environment": "production"}
{"timestamp": "2026-02-26T12:27:42.327927", "level": "INFO", "logger": "multimodal-ai.main", "message": "GPU configuration verified", "environment": "production"}
{"timestamp": "2026-02-26T12:27:42.328929", "level": "INFO", "logger": "multimodal-ai.main", "message": "Production constants loaded", "environment": "production"}
{"timestamp": "2026-02-26T12:27:42.328929", "level": "INFO", "logger": "multimodal-ai.main", "message": "Starting voice assistant", "environment": "production"}
{"timestamp": "2026-02-26T12:31:13.823275", "level": "INFO", "logger": "multimodal-ai.main", "message": "Application startup initiated", "environment": "production"}
{"timestamp": "2026-02-26T12:31:13.829243", "level": "INFO", "logger": "multimodal-ai.main", "message": "GPU configuration verified", "environment": "production"}
{"timestamp": "2026-02-26T12:31:13.831239", "level": "INFO", "logger": "multimodal-ai.main", "message": "Production constants loaded", "environment": "production"}
{"timestamp": "2026-02-26T12:31:13.832241", "level": "INFO", "logger": "multimodal-ai.main", "message": "Starting voice assistant", "environment": "production"}
